20 64 67
40 62 68
60 60 64
80 64 68
100 64 68
120 66 71
140 64 71
160 67 71
180 62 66
200 63 70
220 63 68
240 68 74
260 65 67
280 64 71
300 64 75
320 62 68
340 66 74
360 64 66
380 63 70
400 65 75
420 64 71
440 66 79
460 68 70
480 67 75
500 68 73
520 66 71
540 66 76
560 69 75
580 66 74
600 70 78
620 66 76
640 68 76
660 65 74
680 64 71
700 67 76
720 66 73
740 69 79
760 63 71
780 66 73
800 66 74
820 68 78
840 67 78
860 69 76
880 68 72
900 66 78
920 68 74
940 71 80
960 66 74
980 69 81
1000 66 73
1020 67 75
1040 65 67
1060 67 70
1080 66 74
1100 65 74
1120 70 82
1140 67 80
1160 68 82
1180 67 77
1200 72 84
1220 65 81
1240 67 78
1260 74 89
1280 69 81
1300 68 79
1320 72 86
1340 69 79
1360 70 78
1380 68 82
1400 69 82
1420 68 81
1440 68 80
1460 68 79
1480 70 82
1500 70 83
1520 69 76
1540 69 77
1560 70 84
1580 68 81
1600 72 87
1620 71 84
1640 69 82
1660 72 87
1680 67 80
1700 72 89
1720 72 88
1740 71 86
1760 69 79
1780 76 85
1800 72 87
1820 71 87
1840 72 89
1860 74 89
1880 74 88
1900 70 83
1920 71 87
1940 70 89
1960 73 91
1980 69 82
2000 72 88
2020 70 91
2040 71 83
2060 69 85
2080 75 101
2100 73 87
2120 73 83
2140 73 91
2160 77 96
2180 78 92
2200 75 88
2220 75 94
2240 78 94
2260 77 94
2280 81 104
2300 86 111
2320 78 95
2340 78 99
2360 78 98
2380 75 90
2400 84 106
2420 81 100
2440 82 102
2460 86 115
2480 81 105
2500 79 102
2520 85 111
2540 83 104
2560 80 105
2580 80 105
2600 78 98
2620 74 93
2640 86 112
2660 76 98
2680 82 107
2700 86 105
2720 84 109
2740 84 111
2760 77 95
2780 89 120
2800 87 111
2820 76 95
2840 87 115
2860 84 111
2880 82 104
2900 88 117
2920 88 113
2940 89 120
2960 86 114
2980 86 114
3000 94 124
3020 87 116
3040 82 110
3060 84 110
3080 99 131
3100 94 130
3120 93 121
3140 85 113
3160 89 120
3180 88 117
3200 86 112
3220 95 123
3240 98 127
3260 86 111
3280 100 130
3300 103 133
3320 88 114
3340 96 136
3360 88 116
3380 98 128
3400 104 138
3420 97 126
3440 99 127
3460 99 127
3480 91 122
3500 108 145
3520 101 136
3540 96 126
3560 110 147
3580 98 129
3600 112 155
3620 105 143
3640 98 135
3660 104 135
3680 103 134
3700 125 168
3720 124 167
3740 99 126
3760 119 165
3780 102 137
3800 129 175
3820 116 150
3840 93 119
3860 105 144
3880 125 167
3900 108 151
3920 112 151
3940 111 148
3960 105 143
3980 113 155
4000 117 159
4020 120 166
4040 126 174
4060 96 126
4080 107 145
4100 118 156
4120 138 183
4140 108 149
4160 109 148
4180 108 147
4200 128 180
4220 119 160
4240 110 145
4260 111 146
4280 123 164
4300 131 177
4320 133 184
4340 115 153
4360 113 150
4380 132 178
4400 134 184
4420 120 165
4440 134 179
4460 133 183
4480 125 168
4500 141 192
4520 135 188
4540 124 173
4560 118 156
4580 110 144
4600 130 177
4620 125 165
4640 155 216
4660 135 183
4680 122 161
4700 134 192
4720 123 166
4740 135 190
4760 120 165
4780 132 178
4800 112 152
4820 128 172
4840 159 217
4860 119 166
4880 122 168
4900 125 171
4920 133 177
4940 145 196
4960 120 161
4980 158 220
5000 139 184
5020 159 215
5040 147 203
5060 129 177
5080 164 226
5100 148 201
5120 174 233
5140 149 205
5160 159 212
5180 150 199
5200 130 176
5220 145 194
5240 158 210
5260 164 218
5280 165 214
5300 136 175
5320 150 197
5340 163 224
5360 117 163
5380 152 202
5400 141 194
5420 185 250
5440 143 197
5460 132 177
5480 123 161
5500 176 235
5520 160 221
5540 162 221
5560 169 226
5580 162 214
5600 171 236
5620 158 206
5640 170 225
5660 155 210
5680 145 195
5700 163 222
5720 143 190
5740 198 266
5760 180 235
5780 170 228
5800 218 288
5820 182 245
5840 153 191
5860 196 258
5880 193 260
5900 218 291
5920 210 275
5940 250 331
5960 204 266
5980 228 306
6000 165 220
6020 169 224
6040 246 330
6060 159 204
6080 144 186
6100 167 213
6120 186 252
6140 198 264
6160 176 229
6180 158 204
6200 185 240
6220 179 226
6240 217 298
6260 197 260
6280 214 283
6300 202 265
6320 193 253
6340 215 282
6360 180 230
6380 213 274
6400 181 238
6420 180 239
6440 176 227
6460 212 274
6480 202 266
6500 216 280
6520 204 263
6540 190 253
6560 177 231
6580 216 285
6600 229 308
6620 190 249
6640 205 276
6660 194 255
6680 196 255
6700 215 279
6720 215 282
6740 197 263
6760 215 275
6780 209 280
6800 246 328
6820 185 241
6840 226 293
6860 247 326
6880 171 231
6900 171 226
6920 208 270
6940 196 257
6960 197 259
6980 191 250
7000 232 303
7020 236 304
7040 244 320
7060 301 399
7080 217 279
7100 273 362
7120 294 376
7140 258 334
7160 239 313
7180 229 293
7200 242 307
7220 280 374
7240 221 285
7260 248 324
7280 292 374
7300 255 327
7320 248 314
7340 265 340
7360 291 372
7380 238 315
7400 253 327
7420 207 264
7440 223 284
7460 173 225
7480 258 340
7500 265 349
7520 231 299
7540 264 349
7560 310 393
7580 235 307
7600 257 336
7620 226 290
7640 197 248
7660 364 470
7680 280 370
7700 181 222
7720 245 322
7740 273 347
7760 272 353
7780 299 384
7800 349 452
7820 346 453
7840 283 363
7860 260 334
7880 334 441
7900 295 379
7920 277 359
7940 282 371
7960 358 464
7980 344 439
8000 251 331
8020 317 400
8040 242 308
8060 321 412
8080 394 506
8100 311 396
8120 310 397
8140 367 473
8160 305 388
8180 309 397
8200 413 533
8220 389 505
8240 372 479
8260 417 543
8280 363 463
8300 391 490
8320 359 461
8340 324 413
8360 367 465
8380 332 422
8400 269 337
8420 406 518
8440 328 421
8460 339 433
8480 434 550
8500 378 483
8520 309 388
8540 344 438
8560 289 367
8580 296 375
8600 269 344
8620 337 434
8640 290 368
8660 334 424
8680 350 440
8700 291 373
8720 273 347
8740 273 352
8760 230 287
8780 310 399
8800 317 404
8820 262 335
8840 227 284
8860 299 373
8880 300 374
8900 349 441
8920 409 517
8940 277 349
8960 306 391
8980 301 374
9000 297 376
9020 354 456
9040 413 524
9060 355 449
9080 404 515
9100 382 504
9120 366 482
9140 263 340
9160 339 447
9180 400 522
9200 478 624
9220 351 452
9240 280 364
9260 323 418
9280 320 418
9300 272 347
9320 315 410
9340 318 407
9360 345 440
9380 231 298
9400 252 315
9420 263 331
9440 358 451
9460 361 450
9480 291 367
9500 327 414
9520 227 285
9540 263 329
9560 288 367
9580 309 395
9600 313 400
9620 275 348
9640 395 499
9660 308 387
9680 300 375
