20 61 30
40 58 26
60 51 31
80 48 30
100 50 30
120 56 37
140 53 35
160 47 36
180 53 36
200 55 41
220 56 41
240 54 42
260 53 41
280 46 37
300 55 45
320 52 40
340 55 42
360 55 42
380 46 40
400 60 44
420 60 46
440 63 48
460 60 42
480 67 48
500 65 49
520 76 58
540 81 60
560 74 53
580 63 51
600 71 59
620 73 61
640 77 66
660 86 68
680 92 73
700 80 66
720 87 65
740 91 77
760 97 79
780 83 74
800 102 88
820 129 106
840 118 100
860 114 103
880 137 113
900 173 143
920 224 174
940 390 269
960 538 366
980 525 362
1000 401 288
1020 500 356
1040 383 286
1060 623 426
1080 681 468
1100 541 383
1120 583 406
1140 556 388
1160 475 346
1180 481 340
1200 474 352
1220 330 258
1240 339 263
1260 458 334
1280 371 284
1300 549 393
1320 503 360
1340 415 312
1360 328 258
1380 298 248
1400 361 287
1420 312 254
1440 273 235
1460 314 264
1480 283 242
1500 288 241
1520 232 221
1540 344 275
1560 293 255
1580 232 211
1600 360 316
1620 328 290
1640 359 316
1660 423 347
1680 360 313
1700 274 252
1720 366 308
1740 334 292
1760 369 323
1780 423 369
1800 440 386
1820 308 271
1840 386 351
1860 356 317
1880 268 252
1900 260 262
1920 294 275
1940 308 299
1960 304 300
1980 248 249
2000 352 339
2020 265 264
2040 314 307
2060 417 392
2080 302 296
2100 432 404
2120 411 388
2140 478 432
2160 412 388
2180 386 368
2200 395 377
2220 293 299
2240 398 390
2260 336 337
2280 361 361
2300 321 331
2320 412 409
2340 413 412
2360 307 313
2380 468 452
2400 375 384
2420 346 357
2440 231 248
2460 299 309
2480 292 307
2500 437 434
2520 289 301
2540 352 370
2560 232 248
2580 403 408
2600 309 317
2620 333 343
2640 356 359
2660 530 516
2680 406 411
2700 434 438
2720 369 372
2740 311 318
2760 309 324
2780 289 313
2800 247 277
2820 423 421
2840 441 438
2860 344 362
2880 348 358
2900 461 463
2920 382 388
2940 369 390
2960 279 308
2980 384 406
3000 315 333
3020 423 438
3040 386 384
3060 330 341
3080 323 346
3100 391 393
3120 550 551
3140 415 415
3160 461 456
3180 336 359
3200 354 371
3220 359 379
3240 354 381
3260 478 484
3280 452 460
3300 400 411
3320 415 431
3340 473 484
3360 322 345
3380 499 506
3400 407 429
3420 335 357
3440 296 317
3460 285 308
3480 326 347
3500 355 364
3520 326 335
3540 350 359
3560 532 522
3580 469 473
3600 408 420
3620 594 591
3640 336 354
3660 431 438
3680 556 558
3700 516 524
3720 480 485
3740 319 344
3760 367 385
3780 426 447
3800 386 404
3820 501 498
3840 495 498
3860 439 440
3880 467 470
3900 388 409
3920 321 337
3940 471 481
3960 577 586
3980 354 371
4000 411 421
4020 439 451
4040 530 531
4060 462 475
4080 520 527
4100 441 456
4120 411 433
4140 376 389
4160 347 367
4180 464 453
4200 325 335
4220 500 488
4240 544 535
4260 618 595
4280 555 551
4300 490 492
4320 684 667
4340 664 655
4360 546 553
4380 447 463
4400 509 525
4420 464 480
4440 580 591
4460 372 386
4480 472 487
4500 465 488
4520 418 438
4540 311 342
4560 306 331
4580 556 559
4600 376 393
4620 460 469
4640 485 495
4660 526 530
4680 383 398
4700 450 460
4720 559 551
4740 440 455
4760 424 442
4780 424 440
4800 558 567
4820 460 467
4840 481 487
