240 54 39
20 854 593
40 910 632
60 860 600
80 830 580
100 853 595
120 869 608
140 802 553
160 885 601
180 870 594
200 905 615
220 686 472
240 789 547
260 586 404
280 717 497
300 766 529
320 885 613
340 723 494
360 847 581
380 772 525
400 890 601
420 954 646
440 653 430
460 861 593
480 674 449
500 768 518
520 906 598
540 904 608
560 814 542
580 999 677
600 782 528
620 953 649
640 908 615
660 815 548
680 742 499
700 775 524
720 886 603
740 789 532
760 827 551
780 891 597
800 721 480
820 809 548
840 946 643
860 842 570
880 856 572
900 954 646
920 955 655
940 857 582
960 817 548
980 999 678
1000 908 616
1020 905 621
1040 999 690
1060 950 658
1080 908 633
1100 861 596
1120 950 659
1140 775 529
1160 910 621
1180 857 596
1200 749 514
1220 696 462
1240 693 460
1260 889 609
1280 723 502
1300 797 550
1320 626 433
1340 909 632
1360 677 465
1380 891 622
1400 971 680
1420 667 465
1440 851 601
1460 862 603
1480 952 663
1500 918 632
1520 999 689
1540 955 635
1560 772 520
1580 686 442
1600 845 567
1620 959 662
1640 930 650
1660 910 633
1680 954 676
1700 759 527
1720 867 615
1740 809 571
1760 925 656
1780 952 680
1800 998 705
1820 999 718
1840 972 688
1860 882 629
1880 952 694
1900 988 713
1920 911 660
1940 914 667
1960 848 604
1980 903 649
2000 857 603
2020 860 608
2040 906 650
2060 950 688
2080 934 649
2100 952 675
2120 999 724
2140 999 719
2160 821 592
2180 952 681
2200 999 722
2220 956 691
2240 999 726
2260 999 721
2280 949 689
2300 949 688
2320 999 728
2340 999 733
2360 952 692
2380 911 653
2400 907 654
2420 997 719
2440 861 604
2460 830 592
2480 851 605
2500 867 612
2520 859 602
2540 999 696
2560 932 653
2580 905 638
2600 761 530
2620 812 562
2640 740 506
2660 450 302
2680 669 457
2700 810 564
2720 763 535
2740 812 571
2760 712 499
2780 614 436
2800 512 361
2820 668 480
2840 657 478
2860 999 722
2880 856 622
2900 874 633
2920 762 550
2940 714 515
2960 669 480
2980 904 652
3000 860 620
3020 808 588
3040 605 440
3060 764 556
3080 724 523
3100 625 448
3120 715 516
3140 766 547
3160 786 570
3180 703 504
3200 723 521
3220 691 501
3240 627 453
3260 913 654
3280 620 445
3300 776 555
3320 795 565
3340 808 576
3360 869 617
3380 800 566
3400 809 566
3420 902 634
3440 854 590
3460 803 551
3480 745 513
3500 720 500
3520 665 471
3540 806 577
3560 999 715
3580 950 669
3600 903 635
3620 801 561
3640 857 607
3660 903 649
3680 760 551
3700 854 613
3720 904 653
3740 861 619
3760 907 655
3780 951 692
3800 906 659
3820 950 701
3840 950 701
3860 904 667
3880 722 528
3900 818 599
3920 810 595
3940 830 612
3960 858 629
3980 857 628
4000 999 740
4020 859 629
4040 903 659
4060 859 625
4080 814 593
4100 858 625
4120 861 630
4140 811 592
4160 904 667
4180 906 665
4200 909 668
4220 951 699
4240 999 738
4260 999 727
4280 839 613
4300 765 562
4320 863 630
4340 954 693
4360 810 589
4380 927 671
4400 999 725
4420 999 730
4440 909 664
4460 999 735
4480 952 705
4500 822 604
4520 894 659
4540 922 682
4560 859 639
4580 806 596
4600 901 671
4620 819 597
4640 809 597
4660 953 702
4680 708 513
4700 532 381
4720 808 594
4740 668 494
4760 901 667
4780 814 598
4800 905 669
4820 957 704
4840 903 664
4860 909 664
4880 903 660
4900 807 586
4920 867 627
4940 796 583
4960 758 550
4980 858 621
5000 958 690
5020 859 617
5040 999 721
5060 904 658
5080 806 590
5100 753 539
5120 808 583
5140 701 508
5160 953 690
5180 806 601
5200 856 635
5220 814 601
5240 856 632
5260 678 493
5280 942 694
5300 786 576
5320 862 630
5340 746 557
5360 866 641
5380 846 622
5400 814 597
5420 709 521
5440 545 405
5460 705 522
5480 694 517
5500 737 539
5520 803 591
5540 912 665
5560 767 552
5580 906 658
5600 894 640
5620 767 534
5640 818 580
5660 954 681
5680 902 659
5700 756 547
5720 667 482
5740 820 594
5760 739 538
5780 807 585
5800 859 617
5820 927 646
5840 954 668
5860 769 540
5880 881 620
5900 842 599
5920 795 565
5940 819 588
5960 765 550
5980 829 597
6000 857 619
6020 786 564
6040 906 661
6060 954 693
6080 912 655
6100 999 725
6120 971 689
6140 817 582
6160 860 618
6180 847 595
6200 821 579
6220 824 576
6240 952 680
6260 823 582
6280 999 716
6300 860 598
6320 950 670
6340 930 672
6360 672 472
6380 931 677
6400 763 561
6420 834 609
6440 866 625
6460 906 665
6480 999 735
6500 903 659
6520 767 555
6540 952 689
6560 853 622
6580 905 659
6600 857 630
6620 830 608
6640 901 656
6660 908 662
6680 905 658
6700 999 726
6720 828 605
6740 962 700
6760 952 690
6780 908 657
6800 922 668
6820 760 558
6840 907 665
6860 944 690
6880 841 615
6900 930 679
6920 944 695
6940 953 708
6960 800 588
6980 908 668
7000 888 647
7020 869 634
7040 906 659
7060 906 667
7080 907 668
7100 790 580
7120 918 674
7140 741 539
7160 999 731
7180 905 663
7200 999 723
7220 955 693
7240 999 738
7260 954 697
7280 905 660
7300 821 597
7320 790 572
7340 925 674
7360 769 555
7380 860 624
7400 769 562
7420 820 593
7440 885 646
7460 953 701
7480 958 700
7500 999 737
7520 870 645
7540 856 617
7560 875 641
7580 955 691
7600 957 691
7620 999 732
7640 952 690
7660 962 691
7680 944 680
7700 999 727
7720 985 716
7740 923 660
7760 952 697
7780 899 658
7800 906 657
7820 903 667
7840 952 699
7860 997 704
7880 999 715
7900 929 675
7920 952 688
7940 999 724
7960 924 661
7980 986 718
8000 999 716
8020 962 686
8040 892 616
8060 950 682
8080 848 603
8100 905 640
8120 954 684
8140 954 680
8160 953 687
8180 855 601
8200 832 596
8220 859 618
8240 871 628
8260 917 656
8280 816 580
8300 839 596
8320 888 631
8340 999 720
8360 999 726
8380 923 653
8400 880 623
8420 833 594
8440 846 597
8460 866 616
8480 959 694
8500 799 569
8520 924 672
8540 767 561
8560 818 590
8580 972 711
8600 886 640
8620 818 591
8640 999 740
8660 910 659
8680 902 660
8700 855 626
8720 859 633
8740 765 560
8760 932 681
8780 812 589
8800 902 658
8820 845 623
8840 817 600
8860 999 732
8880 861 612
8900 813 600
8920 942 690
8940 900 649
8960 950 701
8980 904 666
9000 950 697
9020 713 520
9040 854 623
9060 884 634
9080 932 683
9100 905 656
9120 891 638
9140 901 650
9160 852 609
9180 905 642
9200 919 648
9220 860 607
9240 950 672
9260 950 675
9280 904 637
9300 986 696
9320 992 700
9340 884 639
9360 810 587
9380 950 678
9400 737 532
9420 876 636
9440 828 580
9460 860 594
9480 887 626
9500 787 563
9520 742 517
9540 859 594
9560 763 529
9580 769 547
9600 952 665
9620 952 680
9640 560 396
9660 864 611
9680 766 551
9700 904 657
9720 925 668
9740 914 653
9760 921 665
9780 857 613
9800 908 664
9820 944 682
9840 999 724
9860 927 672
9880 924 658
9900 941 670
9920 904 646
9940 952 689
9960 858 618
9980 781 560
10000 954 684
10020 764 548
10040 839 593
10060 922 649
10080 845 597
10100 908 640
10120 966 686
10140 906 643
10160 752 523
10180 936 654
10200 857 604
10220 978 684
10240 918 643
10260 908 635
10280 968 696
10300 999 719
10320 952 678
10340 910 653
10360 908 651
10380 920 651
10400 951 680
10420 999 708
10440 951 669
10460 853 593
10480 811 563
10500 897 628
10520 856 601
10540 950 668
10560 932 651
10580 999 698
10600 999 709
10620 951 675
10640 938 659
10660 965 677
10680 857 598
10700 906 632
10720 999 697
10740 953 658
10760 999 701
10780 927 638
10800 839 585
10820 984 687
10840 952 661
10860 906 629
10880 895 614
10900 930 632
10920 775 523
10940 847 572
10960 928 622
10980 923 621
11000 582 392
11020 875 588
11040 908 611
11060 906 607
11080 990 660
11100 906 608
11120 844 564
11140 914 620
11160 882 606
11180 862 593
11200 999 694
11220 885 612
11240 891 623
11260 999 697
11280 928 643
11300 919 639
11320 931 639
11340 823 568
11360 881 604
11380 999 686
11400 904 616
11420 999 675
11440 918 625
11460 891 603
11480 910 623
11500 876 596
11520 923 630
11540 906 613
11560 903 611
11580 933 635
11600 889 613
11620 803 554
11640 810 554
11660 820 559
11680 915 626
11700 871 597
11720 953 651
11740 796 544
11760 904 620
11780 904 619
11800 952 657
11820 803 546
11840 861 590
11860 800 538
11880 910 624
11900 723 484
11920 919 622
11940 999 687
11960 816 552
11980 767 515
12000 826 556
12020 622 417
12040 820 550
12060 917 613
12080 620 412
12100 851 562
12120 810 539
12140 736 489
12160 764 509
12180 712 483
12200 915 638
12220 754 522
12240 774 531
12260 855 588
12280 679 475
12300 994 691
12320 785 538
12340 778 537
12360 898 619
12380 735 501
12400 886 619
12420 853 587
12440 793 546
12460 908 624
12480 674 456
12500 898 623
12520 906 621
12540 620 426
12560 651 450
12580 640 436
12600 880 602
12620 720 490
12640 757 515
12660 735 506
12680 674 460
12700 779 531
12720 694 477
12740 828 569
12760 864 586
12780 704 487
12800 728 501
12820 871 602
12840 605 416
12860 824 568
12880 827 569
12900 886 608
12920 835 579
12940 697 473
12960 649 439
12980 899 611
13000 670 458
13020 656 440
13040 591 398
13060 625 413
13080 671 451
13100 700 468
13120 756 503
13140 714 480
13160 688 462
13180 725 487
13200 890 610
13220 819 558
13240 709 473
13260 624 422
13280 947 656
13300 685 466
13320 652 443
13340 782 537
13360 731 505
13380 730 503
13400 678 461
13420 849 590
13440 746 510
13460 772 527
13480 855 592
13500 745 509
13520 820 565
13540 939 656
13560 808 564
13580 914 630
13600 820 559
13620 907 619
13640 863 596
13660 906 610
13680 920 622
13700 901 601
13720 906 613
13740 952 642
13760 854 569
13780 786 528
13800 951 642
13820 810 535
13840 878 584
13860 925 607
13880 999 655
13900 904 583
13920 877 576
13940 899 590
13960 849 558
13980 819 543
14000 774 505
14020 856 553
14040 904 593
14060 913 605
14080 896 592
14100 785 522
14120 776 505
14140 853 563
14160 761 502
14180 890 593
14200 883 579
14220 807 529
14240 810 535
14260 760 501
14280 824 546
14300 854 560
14320 822 544
14340 796 516
14360 906 589
14380 987 639
14400 834 550
14420 944 618
14440 861 563
14460 826 537
14480 845 553
14500 952 628
14520 819 538
14540 911 596
14560 905 597
14580 924 602
14600 917 601
14620 929 614
14640 977 642
14660 942 617
14680 908 592
14700 807 527
14720 874 570
14740 879 567
14760 830 539
14780 971 633
14800 911 592
14820 814 528
14840 810 522
14860 950 622
14880 764 499
14900 840 549
14920 961 624
14940 833 537
14960 761 491
14980 911 585
15000 855 539
15020 911 571
15040 849 537
15060 893 565
15080 904 585
15100 682 433
15120 736 474
15140 910 604
15160 820 542
15180 581 377
15200 872 582
15220 672 441
15240 769 512
15260 904 593
15280 769 505
15300 901 594
15320 898 589
15340 807 529
15360 808 528
15380 703 452
15400 758 499
15420 745 487
15440 818 535
15460 811 539
15480 789 523
15500 900 595
15520 676 444
15540 708 479
15560 675 451
15580 752 508
15600 814 552
15620 823 545
15640 905 604
15660 789 536
15680 705 472
15700 766 517
15720 841 563
15740 796 533
15760 750 499
15780 787 537
15800 871 585
15820 795 538
15840 818 545
15860 708 465
15880 734 482
15900 908 602
15920 852 558
15940 818 535
15960 825 543
15980 763 501
16000 884 579
16020 857 568
16040 952 630
16060 834 542
16080 843 534
16100 851 541
16120 897 575
16140 632 403
16160 716 454
16180 803 511
16200 890 570
16220 901 569
16240 956 601
16260 924 585
16280 828 523
16300 910 584
16320 694 444
16340 848 544
16360 866 552
16380 917 588
16400 812 526
16420 897 577
16440 944 607
16460 850 544
16480 969 622
16500 937 607
16520 918 589
16540 797 511
16560 697 446
16580 901 580
16600 955 612
16620 863 555
