20 23 30
40 19 28
60 18 25
80 18 27
100 20 27
120 24 30
140 19 29
160 19 27
180 19 28
200 19 28
220 25 32
240 25 32
260 22 30
280 21 30
300 24 31
320 25 33
340 26 34
360 36 40
380 27 35
400 30 36
420 39 44
440 35 39
460 29 36
480 40 41
500 35 41
520 50 50
540 36 40
560 38 38
580 51 50
600 52 51
620 49 52
640 52 49
660 55 57
680 57 59
700 57 56
720 69 71
740 78 73
760 73 72
780 69 66
800 74 75
820 68 69
840 76 75
860 100 93
880 112 102
900 91 87
920 133 111
940 167 134
960 148 122
980 362 263
1000 705 485
1020 724 506
1040 999 690
1060 985 686
1080 980 684
1100 855 602
1120 908 634
1140 925 645
1160 999 699
1180 936 657
1200 999 700
1220 889 621
1240 814 583
1260 930 659
1280 908 650
1300 908 652
1320 928 672
1340 981 711
1360 999 718
1380 921 666
1400 821 596
1420 875 633
1440 977 708
1460 940 680
1480 806 584
1500 944 677
1520 926 657
1540 927 659
1560 947 666
1580 963 672
1600 959 671
1620 635 450
1640 711 498
1660 825 578
1680 928 656
1700 953 668
1720 819 577
1740 999 704
1760 914 650
1780 784 562
1800 647 466
1820 815 578
1840 763 535
1860 702 488
1880 615 422
1900 781 548
1920 800 556
1940 886 627
1960 890 635
1980 860 612
2000 805 584
2020 850 624
2040 813 608
2060 824 604
2080 817 615
2100 887 682
2120 842 736
2140 697 661
2160 635 639
2180 714 805
2200 741 854
2220 581 712
2240 695 896
2260 705 925
2280 701 936
2300 714 954
2320 688 935
2340 389 532
2360 799 1122
2380 755 1023
2400 649 912
2420 736 1044
2440 742 1062
2460 746 1049
2480 601 850
2500 771 1102
2520 795 1136
2540 708 1011
2560 813 1134
2580 881 1236
2600 643 904
2620 741 1050
2640 797 1107
2660 914 1261
2680 801 1112
2700 887 1230
2720 980 1386
2740 942 1369
2760 881 1291
2780 847 1252
2800 845 1251
2820 823 1244
2840 872 1294
2860 874 1296
2880 714 1071
2900 520 790
2920 642 944
2940 676 1000
2960 701 1024
2980 505 747
3000 514 748
3020 692 1027
3040 744 1128
3060 802 1235
3080 678 1026
3100 584 900
3120 765 1162
3140 738 1122
3160 788 1208
3180 888 1353
3200 829 1262
3220 844 1287
3240 766 1196
3260 699 1094
3280 787 1216
3300 816 1278
3320 673 1071
3340 704 1103
3360 671 1059
3380 676 1062
3400 543 852
3420 730 1141
3440 670 1050
3460 681 1062
3480 715 1106
3500 780 1202
3520 690 1051
3540 650 997
3560 717 1095
3580 694 1059
3600 833 1286
3620 638 973
3640 809 1254
3660 704 1118
3680 716 1135
3700 746 1185
3720 677 1081
3740 747 1177
3760 675 1072
3780 662 1053
3800 690 1099
3820 811 1295
3840 801 1276
3860 820 1311
3880 805 1297
3900 649 1042
3920 757 1199
3940 795 1280
3960 763 1204
3980 671 1078
4000 710 1133
4020 688 1108
4040 787 1269
4060 536 856
4080 529 855
4100 661 1068
4120 569 900
4140 578 936
4160 770 1218
4180 720 1129
4200 791 1255
4220 775 1221
4240 849 1357
4260 712 1129
4280 805 1289
4300 652 1045
4320 676 1092
4340 738 1183
4360 772 1223
4380 743 1177
4400 697 1094
4420 834 1298
4440 853 1332
4460 807 1260
4480 808 1294
4500 818 1307
4520 734 1168
4540 807 1307
4560 773 1257
4580 680 1091
4600 664 1057
4620 687 1108
4640 747 1206
4660 607 1000
4680 603 976
4700 688 1125
4720 757 1223
4740 594 954
4760 625 1029
4780 748 1220
4800 619 1001
4820 534 871
4840 653 1055
4860 537 879
4880 653 1065
4900 603 1002
4920 703 1160
4940 534 888
4960 535 899
4980 507 852
5000 564 940
5020 740 1238
5040 669 1130
5060 658 1100
5080 633 1034
5100 753 1237
5120 654 1088
5140 646 1071
5160 646 1076
5180 699 1151
5200 802 1323
5220 657 1087
5240 558 914
5260 733 1226
5280 590 961
5300 778 1279
5320 745 1225
5340 899 1453
5360 917 1491
5380 803 1302
5400 644 1064
5420 759 1246
5440 689 1137
5460 809 1326
5480 809 1328
5500 700 1157
5520 812 1347
5540 642 1058
5560 738 1216
5580 437 709
5600 652 1084
5620 766 1261
5640 712 1177
5660 749 1258
5680 570 954
5700 549 896
5720 701 1158
5740 642 1061
5760 681 1129
5780 667 1093
5800 727 1208
5820 782 1304
5840 651 1094
5860 721 1193
5880 817 1360
5900 760 1249
5920 723 1189
5940 669 1114
5960 900 1466
5980 800 1291
6000 880 1437
6020 815 1334
6040 808 1339
6060 755 1271
6080 705 1190
6100 741 1252
6120 764 1302
6140 783 1336
6160 724 1194
6180 621 1037
6200 699 1173
6220 804 1317
6240 861 1403
6260 728 1199
6280 768 1265
6300 556 920
6320 769 1291
6340 775 1274
6360 841 1397
6380 764 1285
6400 658 1104
6420 746 1199
6440 616 1000
6460 632 1017
6480 839 1369
6500 841 1339
6520 782 1246
6540 700 1130
6560 811 1308
6580 631 1022
6600 540 878
6620 667 1067
6640 699 1124
6660 685 1082
6680 690 1099
6700 731 1174
6720 727 1174
6740 608 989
6760 423 672
6780 678 1073
6800 663 1058
6820 404 645
6840 505 806
6860 747 1210
6880 733 1171
6900 764 1229
6920 789 1238
6940 743 1135
6960 817 1261
6980 668 1046
7000 783 1235
7020 503 792
7040 524 824
7060 807 1270
7080 651 1005
7100 568 886
7120 675 1046
7140 839 1312
7160 723 1119
7180 877 1341
7200 798 1223
7220 886 1370
7240 740 1164
7260 777 1202
7280 673 1047
7300 653 1024
7320 681 1073
7340 619 996
7360 612 977
7380 759 1220
7400 800 1279
7420 664 1049
7440 719 1162
7460 615 971
7480 614 953
7500 548 867
7520 747 1174
7540 616 973
7560 609 980
7580 713 1156
7600 595 951
7620 616 983
7640 770 1254
7660 727 1198
7680 753 1222
7700 836 1360
7720 605 965
7740 925 1485
7760 656 1054
7780 760 1230
7800 804 1285
7820 682 1085
7840 665 1069
7860 532 848
7880 555 882
7900 622 1006
7920 615 981
7940 670 1085
7960 650 1039
7980 762 1219
8000 841 1364
8020 795 1279
8040 654 1061
8060 869 1374
8080 790 1276
8100 690 1087
8120 671 1065
8140 655 1052
8160 733 1170
8180 827 1305
8200 641 1022
8220 733 1158
8240 635 1005
8260 719 1144
8280 731 1156
8300 672 1068
8320 608 969
8340 559 903
8360 516 825
8380 719 1160
8400 752 1196
8420 770 1208
8440 756 1211
8460 634 1034
8480 658 1077
8500 724 1154
8520 803 1273
8540 623 999
8560 511 824
8580 804 1294
8600 692 1118
8620 505 815
8640 692 1128
8660 654 1065
8680 779 1260
8700 779 1273
8720 613 986
8740 539 881
8760 621 1006
8780 508 825
8800 628 1024
8820 547 887
8840 596 958
8860 652 1065
8880 806 1300
8900 657 1058
8920 603 961
8940 515 827
8960 649 1044
8980 735 1198
9000 578 906
9020 670 1064
9040 848 1371
9060 697 1123
9080 687 1096
9100 566 890
9120 686 1062
9140 557 865
9160 753 1181
9180 613 945
9200 625 973
9220 586 916
9240 562 874
9260 629 978
9280 853 1318
9300 622 976
9320 612 971
9340 694 1103
9360 668 1060
9380 578 935
9400 669 1061
9420 625 998
9440 549 865
9460 645 1031
9480 722 1149
9500 623 994
9520 865 1427
9540 661 1072
9560 677 1101
9580 635 1014
9600 617 1013
9620 685 1102
9640 641 1043
9660 619 993
9680 743 1202
9700 713 1139
9720 719 1131
9740 793 1211
9760 827 1295
9780 709 1114
9800 659 1027
9820 782 1199
9840 838 1297
9860 806 1256
9880 658 1024
9900 739 1126
9920 656 987
9940 685 1072
9960 785 1225
9980 521 811
10000 682 1038
10020 551 831
10040 699 1073
10060 667 1016
10080 736 1092
10100 719 1092
10120 693 1049
10140 639 980
10160 727 1127
10180 463 715
10200 679 1042
10220 548 834
10240 675 1026
10260 573 852
10280 515 781
10300 562 859
10320 565 860
10340 617 934
10360 545 839
10380 755 1143
10400 551 844
10420 612 935
10440 523 814
10460 615 962
10480 506 768
10500 585 896
10520 589 911
10540 456 711
10560 640 977
10580 689 1047
10600 572 862
10620 541 814
10640 624 932
10660 558 856
10680 702 1059
10700 660 1011
10720 581 913
10740 613 933
10760 576 890
10780 601 925
10800 638 959
10820 640 965
10840 812 1232
10860 636 966
10880 752 1150
10900 632 975
10920 472 737
10940 651 1030
10960 662 1043
10980 680 1036
11000 677 1035
11020 700 1080
11040 814 1238
11060 760 1163
11080 810 1222
11100 683 1050
11120 609 924
11140 668 1037
11160 501 771
11180 538 828
11200 483 733
11220 328 498
11240 489 750
11260 474 719
11280 489 732
11300 541 819
11320 521 778
11340 581 871
11360 535 807
11380 563 853
11400 463 685
11420 614 921
11440 512 747
11460 487 735
11480 489 735
11500 554 824
11520 597 888
11540 584 887
11560 526 791
11580 761 1149
11600 700 1060
11620 683 1033
11640 690 1021
11660 683 1009
11680 584 855
11700 631 935
11720 556 833
11740 521 785
11760 628 934
11780 624 927
11800 600 892
11820 717 1087
11840 779 1155
11860 727 1095
11880 584 893
11900 714 1106
11920 666 1054
11940 741 1132
11960 786 1214
11980 708 1083
12000 706 1082
12020 613 943
12040 662 1022
12060 563 843
12080 710 1087
12100 644 991
12120 539 826
12140 530 820
12160 726 1117
12180 690 1055
12200 659 1011
12220 632 963
12240 564 862
12260 663 1015
12280 690 1082
12300 674 1059
12320 667 1039
12340 656 1028
12360 646 1015
12380 581 900
12400 470 728
12420 584 918
12440 554 848
12460 730 1125
12480 742 1153
12500 675 1060
12520 720 1119
12540 719 1132
12560 631 983
12580 712 1110
12600 807 1269
12620 551 850
12640 539 851
12660 721 1121
12680 570 890
12700 624 1000
12720 652 1022
12740 571 887
12760 669 1066
12780 470 737
12800 776 1234
12820 691 1102
12840 666 1048
12860 662 1034
12880 620 972
12900 665 1036
12920 723 1133
12940 683 1062
12960 799 1242
12980 636 993
13000 675 1063
13020 624 990
13040 597 945
13060 444 691
13080 675 1059
13100 559 865
13120 460 694
13140 637 995
13160 519 791
13180 665 1011
13200 655 1008
13220 593 910
13240 428 641
13260 531 784
13280 526 787
13300 495 740
13320 491 727
13340 788 1191
13360 546 825
13380 513 785
13400 544 832
13420 520 796
13440 488 746
13460 630 948
13480 449 677
13500 763 1161
13520 607 932
13540 666 1035
13560 585 907
13580 674 1042
13600 523 818
13620 466 707
13640 609 958
13660 624 973
13680 406 634
13700 578 908
13720 538 826
13740 625 958
13760 625 984
13780 519 797
13800 459 714
13820 484 761
13840 491 776
13860 511 801
13880 274 430
13900 440 689
13920 484 761
13940 437 676
13960 560 875
13980 500 785
14000 536 835
14020 555 865
14040 523 819
14060 573 896
14080 568 879
14100 457 704
14120 364 558
14140 469 735
14160 543 829
14180 414 629
14200 381 592
14220 402 623
14240 610 937
14260 463 701
14280 584 890
14300 624 950
14320 846 1297
14340 513 778
14360 642 981
14380 604 918
14400 650 1001
14420 652 999
14440 580 880
14460 648 982
14480 747 1106
14500 680 1044
14520 598 919
14540 658 1011
14560 687 1058
14580 628 950
14600 381 572
14620 584 881
14640 529 820
14660 552 855
14680 619 954
14700 696 1089
14720 597 936
14740 667 1020
14760 745 1151
14780 637 974
14800 801 1251
14820 754 1167
14840 676 1041
14860 580 879
14880 587 879
14900 681 1041
14920 531 796
14940 697 1028
14960 645 987
14980 577 874
15000 657 982
15020 588 881
15040 728 1072
15060 745 1111
15080 589 872
15100 637 932
15120 662 957
15140 590 833
15160 595 852
15180 709 1019
15200 560 792
15220 562 805
15240 814 1162
15260 706 985
15280 690 988
15300 735 1043
15320 734 1017
15340 880 1270
15360 689 973
15380 677 984
15400 555 816
15420 671 979
15440 531 776
15460 557 837
15480 561 829
15500 536 813
15520 502 746
15540 448 667
15560 758 1119
15580 528 783
15600 553 822
15620 484 723
15640 488 726
15660 390 570
15680 579 858
15700 513 771
15720 687 1033
15740 553 835
15760 685 1016
15780 533 801
15800 476 705
15820 603 911
15840 558 837
15860 672 1007
15880 586 876
15900 616 920
15920 478 714
15940 564 851
15960 564 848
15980 549 795
16000 487 723
16020 504 729
16040 501 736
16060 582 858
16080 590 869
16100 712 1048
16120 538 816
16140 843 1247
16160 569 848
16180 558 824
16200 507 755
16220 647 969
16240 738 1115
16260 684 1015
16280 681 1007
16300 750 1084
16320 669 992
16340 632 930
16360 599 893
16380 476 715
16400 518 780
16420 569 861
16440 528 800
16460 580 862
16480 560 841
16500 578 877
16520 541 798
16540 493 752
16560 610 941
16580 670 1027
16600 444 687
16620 506 778
16640 469 712
16660 507 768
16680 628 969
16700 468 716
16720 427 651
16740 545 825
16760 606 937
16780 609 943
16800 491 742
16820 641 963
16840 551 839
16860 471 719
16880 542 826
16900 616 952
16920 445 675
16940 634 957
16960 691 1061
16980 669 1038
17000 677 1053
17020 591 911
17040 646 995
17060 795 1219
17080 528 820
17100 803 1252
17120 686 1067
17140 650 1003
17160 715 1105
17180 652 1011
17200 554 840
17220 608 958
17240 659 1032
17260 602 941
17280 781 1225
17300 639 990
17320 698 1085
17340 653 1018
17360 707 1096
17380 662 1025
17400 574 896
17420 616 949
17440 768 1189
17460 509 787
17480 559 866
17500 726 1134
17520 759 1190
17540 624 962
17560 612 959
17580 676 1062
17600 462 718
17620 516 803
17640 443 684
17660 615 943
17680 643 1002
17700 543 847
17720 538 833
17740 682 1038
17760 601 930
17780 542 844
17800 752 1146
17820 742 1153
17840 643 1013
17860 593 940
17880 560 875
17900 502 783
17920 573 872
17940 428 649
17960 605 943
17980 522 797
18000 503 757
18020 664 1015
18040 446 668
18060 573 890
18080 596 929
18100 635 990
18120 574 890
18140 562 850
18160 641 1001
18180 606 932
18200 437 667
18220 542 846
18240 581 891
18260 527 785
18280 696 1078
18300 617 960
18320 628 949
18340 649 996
18360 700 1086
18380 643 1004
18400 534 812
18420 444 689
18440 564 854
18460 479 756
18480 589 902
18500 730 1132
18520 557 865
18540 539 822
18560 662 998
18580 856 1288
18600 692 1015
18620 672 981
18640 655 959
18660 566 845
18680 613 901
18700 704 1048
18720 560 835
18740 703 1052
18760 735 1077
18780 654 995
18800 701 1050
18820 731 1113
18840 731 1121
18860 615 931
18880 654 997
18900 584 878
18920 650 990
18940 599 911
18960 667 1004
18980 544 827
19000 634 958
19020 612 931
19040 652 1001
19060 422 633
19080 712 1074
19100 713 1076
19120 567 857
19140 744 1136
19160 538 808
19180 614 912
19200 710 1036
19220 775 1106
19240 801 1174
19260 795 1167
19280 609 903
19300 545 798
19320 692 1014
19340 555 814
19360 470 669
19380 500 737
19400 554 801
19420 538 799
19440 671 988
19460 644 943
19480 634 902
19500 688 994
19520 591 856
19540 566 798
19560 601 863
19580 668 959
19600 493 720
19620 704 1028
19640 645 948
19660 515 768
19680 450 657
19700 608 889
19720 596 860
19740 604 883
19760 599 868
19780 518 749
19800 550 799
19820 540 782
19840 699 1022
19860 473 675
19880 585 849
19900 672 984
19920 681 1007
19940 618 910
19960 414 611
19980 579 849
20000 353 509
20020 609 884
20040 602 901
20060 419 595
20080 545 783
20100 446 645
20120 554 822
20140 504 750
20160 611 884
20180 369 536
20200 559 826
20220 432 642
20240 356 533
20260 486 718
20280 474 702
20300 554 808
20320 665 981
20340 468 685
20360 576 877
20380 490 748
20400 570 854
20420 599 908
20440 600 910
20460 525 799
20480 618 941
20500 601 907
20520 513 768
20540 593 876
20560 497 727
20580 500 753
20600 483 721
20620 580 856
20640 644 949
20660 435 649
20680 523 767
20700 507 773
20720 578 861
20740 551 822
20760 422 620
20780 375 547
20800 503 749
20820 413 612
20840 486 714
20860 523 789
20880 432 644
20900 338 495
20920 507 765
20940 498 751
20960 542 822
20980 478 717
21000 543 825
21020 373 552
21040 620 949
21060 453 685
21080 555 840
21100 518 782
21120 565 863
21140 571 887
21160 515 787
21180 470 707
21200 624 973
21220 650 1006
21240 504 777
21260 486 744
21280 562 858
21300 474 732
21320 411 632
21340 418 642
21360 429 651
21380 525 826
21400 419 647
21420 577 905
21440 378 566
21460 496 757
21480 454 697
21500 398 607
21520 476 737
21540 631 986
21560 560 873
21580 583 914
21600 605 945
21620 604 954
21640 527 826
21660 491 783
21680 472 743
21700 577 926
21720 580 940
21740 436 691
21760 634 1009
21780 514 809
21800 408 632
21820 528 822
21840 540 850
21860 431 670
21880 497 779
21900 452 713
21920 498 797
21940 413 634
21960 571 908
21980 492 778
22000 530 838
22020 438 678
22040 405 636
22060 311 474
22080 452 713
22100 414 640
22120 423 665
22140 524 787
22160 555 845
22180 468 704
22200 529 818
22220 425 656
22240 671 1047
22260 484 737
22280 467 725
22300 505 761
22320 530 817
22340 642 981
22360 620 961
22380 472 730
22400 488 743
22420 497 759
22440 699 1068
22460 621 952
22480 453 704
22500 551 844
22520 543 841
22540 654 1019
22560 637 992
22580 520 810
22600 587 911
22620 467 717
22640 530 807
22660 499 774
22680 585 909
22700 515 798
22720 624 966
22740 449 688
22760 603 946
22780 624 979
22800 546 856
22820 401 625
22840 458 717
22860 414 636
22880 533 831
22900 442 693
22920 418 643
22940 488 756
22960 350 531
22980 493 766
23000 454 704
23020 487 761
23040 546 841
23060 464 720
23080 472 726
23100 485 746
23120 419 636
23140 534 824
23160 483 748
23180 633 988
23200 490 763
23220 541 835
23240 582 888
23260 692 1074
23280 698 1082
23300 532 823
23320 479 756
23340 427 664
23360 360 556
23380 394 603
23400 483 745
23420 567 891
23440 506 793
23460 469 734
23480 411 633
23500 384 584
23520 321 478
23540 358 534
23560 423 661
23580 265 403
23600 439 676
23620 442 699
23640 461 732
23660 485 761
23680 436 688
23700 464 721
23720 448 690
23740 405 622
23760 525 819
23780 350 554
23800 432 684
23820 419 651
23840 398 620
23860 542 847
23880 453 706
23900 344 545
23920 300 463
23940 337 527
23960 469 744
23980 492 769
24000 563 890
24020 475 733
24040 444 684
24060 529 829
24080 541 834
24100 444 703
24120 434 669
24140 441 681
24160 455 700
24180 481 758
24200 422 633
24220 380 578
24240 316 480
24260 448 696
24280 377 582
24300 359 557
24320 347 527
24340 455 694
24360 391 602
24380 536 829
24400 492 765
24420 392 607
24440 549 846
24460 479 752
24480 388 597
24500 473 732
24520 407 605
24540 338 513
24560 342 515
24580 361 553
24600 397 590
24620 387 584
24640 510 776
24660 479 735
24680 493 758
24700 435 657
24720 392 583
24740 492 751
24760 478 737
24780 319 474
24800 390 587
24820 371 557
24840 425 632
24860 537 819
24880 456 684
24900 581 890
24920 594 897
24940 650 1003
24960 496 762
24980 462 702
25000 596 928
25020 547 853
25040 449 696
25060 682 1047
25080 483 750
25100 434 675
25120 493 763
25140 476 736
25160 545 847
25180 560 858
25200 456 712
25220 507 794
25240 396 605
25260 462 723
25280 474 732
25300 510 781
25320 435 650
25340 454 678
25360 450 678
25380 440 668
25400 430 656
25420 373 548
25440 339 506
25460 450 668
25480 512 777
25500 587 893
25520 408 607
25540 352 526
25560 393 586
25580 390 579
25600 499 760
25620 494 754
25640 432 649
25660 525 807
25680 474 726
25700 387 571
25720 570 863
25740 441 669
25760 411 607
25780 476 721
25800 429 649
25820 351 529
25840 484 732
25860 462 712
25880 325 483
25900 466 709
25920 569 867
25940 542 812
25960 402 615
25980 458 693
26000 520 797
26020 463 694
26040 412 625
26060 442 669
26080 354 521
26100 439 653
26120 464 682
26140 427 636
26160 272 398
26180 391 580
26200 647 986
26220 419 641
26240 496 758
26260 457 693
26280 500 766
26300 542 847
26320 536 822
26340 451 681
26360 533 817
26380 428 662
26400 357 544
26420 465 716
26440 522 786
26460 397 602
26480 516 777
26500 577 877
26520 442 657
26540 396 602
26560 347 522
26580 460 691
26600 398 614
26620 464 721
26640 433 661
26660 302 445
26680 432 643
26700 393 596
26720 365 552
26740 420 636
26760 439 663
26780 295 440
26800 472 708
26820 549 828
26840 505 749
26860 641 972
26880 385 583
26900 460 697
26920 386 576
26940 395 598
26960 435 655
26980 524 799
27000 642 986
27020 464 705
27040 476 711
27060 513 760
27080 556 854
27100 525 783
27120 559 841
27140 630 966
27160 707 1089
27180 403 614
27200 454 681
27220 451 657
27240 526 798
27260 527 791
27280 622 920
27300 559 838
27320 593 887
27340 584 870
27360 452 672
27380 570 843
27400 648 956
27420 648 951
27440 459 678
27460 601 904
27480 526 786
27500 587 869
27520 692 1059
27540 641 969
27560 530 788
27580 464 703
27600 481 702
27620 554 853
27640 674 1007
27660 518 768
27680 689 1035
27700 577 884
27720 516 798
27740 611 907
27760 633 949
27780 540 810
27800 480 727
27820 475 709
27840 465 704
27860 607 903
27880 610 913
27900 653 993
27920 515 768
27940 477 714
27960 653 985
27980 582 891
28000 678 1037
28020 549 828
28040 754 1147
28060 602 909
28080 696 1045
28100 565 835
28120 525 798
28140 389 585
28160 503 762
28180 630 956
28200 638 944
28220 583 884
28240 561 840
28260 459 690
28280 532 782
28300 708 1089
28320 594 880
28340 655 971
28360 668 1001
28380 631 932
28400 758 1127
28420 505 757
28440 577 839
28460 514 765
28480 695 1013
28500 722 1054
28520 654 968
28540 593 883
28560 602 909
28580 597 923
28600 443 660
28620 613 934
28640 709 1078
28660 565 863
28680 589 888
28700 595 899
28720 647 979
28740 676 1008
28760 578 870
28780 673 1021
28800 610 916
28820 623 936
28840 614 943
28860 492 739
28880 526 779
28900 593 915
28920 556 851
28940 533 823
28960 550 837
28980 510 779
29000 502 740
29020 543 817
29040 577 882
29060 589 907
29080 604 940
29100 569 869
29120 651 980
29140 606 934
29160 633 960
29180 571 878
29200 587 911
29220 512 785
29240 456 698
29260 474 732
29280 512 772
29300 457 687
29320 559 867
29340 543 842
29360 511 782
29380 444 672
29400 492 752
29420 582 884
29440 457 714
29460 415 623
29480 447 668
29500 425 647
29520 634 977
29540 523 796
29560 366 566
29580 482 756
29600 425 655
29620 456 695
29640 397 618
29660 367 562
29680 457 689
29700 532 838
29720 428 659
29740 399 612
29760 523 806
29780 479 755
29800 520 814
29820 413 640
29840 506 791
29860 502 802
29880 531 836
29900 534 841
29920 354 542
29940 618 973
29960 713 1126
29980 412 643
30000 450 697
30020 459 720
30040 529 827
30060 593 933
30080 425 662
30100 350 544
30120 550 863
30140 440 675
30160 458 727
30180 544 874
30200 440 686
30220 409 651
30240 475 743
30260 431 668
30280 592 931
30300 502 785
30320 579 929
30340 394 618
30360 553 848
30380 479 747
30400 533 836
30420 491 768
30440 474 738
30460 572 890
30480 452 684
30500 369 570
30520 470 732
30540 412 641
30560 445 696
30580 429 659
30600 547 865
30620 517 818
30640 468 727
30660 481 748
30680 321 491
30700 426 668
30720 445 714
30740 412 649
30760 519 821
30780 413 649
30800 493 771
30820 523 807
30840 474 725
30860 479 742
30880 498 774
30900 574 895
30920 548 855
30940 620 991
30960 646 1033
30980 518 795
31000 530 811
31020 504 776
31040 493 756
31060 457 679
31080 623 961
31100 584 861
31120 548 850
31140 566 841
31160 543 825
31180 554 850
31200 544 830
31220 559 841
31240 515 785
31260 519 770
31280 587 900
31300 507 767
31320 439 666
31340 579 865
31360 579 850
31380 559 844
31400 510 745
31420 664 996
31440 464 681
31460 616 899
31480 550 817
31500 568 830
31520 598 881
31540 646 949
31560 554 822
31580 576 841
31600 733 1096
31620 607 892
31640 534 800
31660 733 1055
31680 635 933
31700 672 1006
31720 721 1081
31740 574 845
31760 505 752
31780 590 891
31800 643 967
31820 632 952
31840 728 1069
31860 705 1074
31880 667 994
31900 607 909
31920 602 883
31940 736 1089
31960 716 1066
31980 691 1034
32000 615 918
32020 758 1155
32040 634 951
32060 747 1126
32080 654 979
32100 722 1077
32120 583 873
32140 544 808
32160 642 959
32180 536 816
32200 556 830
32220 649 960
32240 695 1023
32260 690 1011
32280 616 921
32300 639 958
32320 566 841
32340 621 927
32360 727 1065
32380 739 1074
32400 804 1193
32420 773 1123
32440 667 971
32460 564 805
32480 707 1055
32500 701 1052
32520 603 905
32540 568 848
32560 510 759
32580 542 798
32600 542 808
32620 456 690
32640 707 1080
32660 536 806
32680 504 759
32700 461 705
32720 630 975
32740 492 739
32760 435 642
32780 468 697
32800 542 808
32820 601 900
32840 424 612
32860 498 754
32880 548 828
32900 624 932
32920 607 891
32940 589 870
32960 443 648
32980 616 926
33000 549 818
33020 472 685
33040 637 957
33060 645 966
33080 606 906
33100 515 749
33120 618 898
33140 499 731
33160 503 740
33180 535 786
33200 545 827
33220 573 850
33240 689 1048
33260 626 954
33280 391 578
33300 514 775
33320 523 782
33340 470 718
33360 573 874
33380 504 764
33400 561 858
33420 580 884
33440 514 773
33460 488 721
33480 518 768
33500 484 724
33520 501 745
33540 449 685
33560 408 610
33580 417 617
33600 455 695
33620 490 744
33640 585 885
33660 520 778
33680 492 741
33700 452 663
33720 491 742
33740 419 631
33760 460 693
33780 436 642
33800 472 716
33820 356 533
33840 295 423
33860 495 748
33880 349 516
33900 446 669
33920 501 753
33940 473 705
33960 410 623
33980 366 552
34000 394 599
34020 336 495
34040 521 784
34060 651 989
34080 490 726
34100 525 785
34120 565 859
34140 587 866
34160 570 850
34180 539 810
34200 550 803
34220 549 824
34240 500 743
34260 555 824
34280 457 671
34300 535 775
34320 467 683
34340 579 850
34360 538 776
34380 514 741
34400 608 873
34420 629 907
34440 568 826
34460 632 930
34480 624 910
34500 472 664
34520 690 1015
34540 629 915
34560 518 744
34580 448 628
34600 455 648
34620 345 494
34640 421 613
34660 669 974
34680 453 669
34700 613 917
34720 398 587
34740 446 657
34760 402 591
34780 578 870
34800 473 696
34820 726 1098
34840 553 832
34860 620 936
